# this file was generated by the following command(s):
# ../convert.py pmb_in_ccgbank_format.pmb -prefix=converted.pmb -verbose -method=markedup ../markedup

using lex combiantor rule
resolved: (NP (DT The))
 schema: (NP 100 {101})  cur: (NP (DT The) {101})  incomplete: ({101}, self)

using lex combiantor rule
resolved: (N (NN pain))
 schema: (N 102)  cur: (N (NN pain))  incomplete:

using fa.f combiantor rule
(NP (DT The))
 schema: (NP 100 {101})  cur: (NP (DT The) {101})  incomplete: ({101}, self)
(N (NN pain))
 schema: (N 102)  cur: (N (NN pain))  incomplete:
resolved: (NP (DT The) (NN pain))
 schema: (NP 100 {101})  cur: (NP (DT The) (NN pain))  incomplete:

using lex combiantor rule
resolved: (VP (MD will))
 schema: (VP 103 104)  cur: (VP (MD will) 104)  incomplete: (104, self)
(S 1 0)

using lex combiantor rule
resolved: (VP (VB wear))
 schema: (VP 105 106)  cur: (VP (VB wear) 106)  incomplete: (106, self)
(S 1 0)

using lex combiantor rule
resolved: (ADVP (RP off))
 schema: (ADVP 107)  cur: (ADVP (RP off))  incomplete:

using lex combiantor rule
resolved: (. .)
 schema: {(. 108)}  cur: {(. (. .))}  incomplete:

using misc combiantor rule
(ADVP (RP off))
 schema: (ADVP 107)  cur: (ADVP (RP off))  incomplete:
(. .)
 schema: {(. 108)}  cur: {(. (. .))}  incomplete:
off .
resolved: (ADVP (RP off) (. .))
 schema: (ADVP 107)  cur: (ADVP (RP off) (. .))  incomplete:

using fa.f combiantor rule
(VP (VB wear))
 schema: (VP 105 106)  cur: (VP (VB wear) 106)  incomplete: (106, self)
(S 1 0)
(ADVP (RP off) (. .))
 schema: (ADVP 107)  cur: (ADVP (RP off) (. .))  incomplete:
resolved: (VP (VB wear) (ADVP (RP off) (. .)))
 schema: (VP 105 106)  cur: (VP (VB wear) obj)  incomplete:
(S 1 0)

using fa.f combiantor rule
(VP (MD will))
 schema: (VP 103 104)  cur: (VP (MD will) 104)  incomplete: (104, self)
(S 1 0)
(VP (VB wear) (ADVP (RP off) (. .)))
 schema: (VP 105 106)  cur: (VP (VB wear) obj)  incomplete:
(S 1 0)
resolved: (VP (MD will) (VP (VB wear) (ADVP (RP off) (. .))))
 schema: (VP 103 104)  cur: (VP (MD will) obj)  incomplete:
(S 1 0)

using fa.b combiantor rule
(NP (DT The) (NN pain))
 schema: (NP 100 {101})  cur: (NP (DT The) (NN pain))  incomplete:
(VP (MD will) (VP (VB wear) (ADVP (RP off) (. .))))
 schema: (VP 103 104)  cur: (VP (MD will) obj)  incomplete:
(S 1 0)
resolved: (S (NP (DT The) (NN pain)) (VP (MD will) (VP (VB wear) (ADVP (RP off) (. .)))))
 schema: (S 109 110)  cur: (S obj obj)  incomplete:

before cleaning: (ROOT
	(S
		(NP
			(DT The)
			(NN pain))
		(VP
			(MD will)
			(VP
				(VB wear)
				(ADVP
					(RP off)
					(. .))))))
cleaned: (ROOT
	(S
		(NP
			(DT The)
			(NN pain))
		(VP
			(MD will)
			(VP
				(VB wear)
				(ADVP
					(RP off)
					(. .))))))

