# this file was generated by the following command(s):
# ../convert.py example.candc -prefix=example.candc -verbose -method=markedup ../markedup

using lex combiantor rule
resolved: (Nslash (NNP Pierre))
 schema: (Nslash 100)  cur: (Nslash (NNP Pierre))  incomplete:
(N {0} {1}) POS:default

using lex combiantor rule
resolved: (N (NNP Vinken))
 schema: (N 101)  cur: (N (NNP Vinken))  incomplete:

using fa.f combiantor rule
(Nslash (NNP Pierre))
 schema: (Nslash 100)  cur: (Nslash (NNP Pierre))  incomplete:
(N {0} {1}) POS:default
(N (NNP Vinken))
 schema: (N 101)  cur: (N (NNP Vinken))  incomplete:
resolved: (N (NNP Pierre) (NNP Vinken))
 schema: (N {102} {103})  cur: (N (NNP Pierre) (NNP Vinken))  incomplete:

using unary combiantor rule
(N (NNP Pierre) (NNP Vinken))
 schema: (N {102} {103})  cur: (N (NNP Pierre) (NNP Vinken))  incomplete:
Unary schema:
 schema: (NP {104})  cur: (NP {104})  incomplete: ({104}, self)
resolved: (NP (NNP Pierre) (NNP Vinken))
 schema: (NP {104})  cur: (NP (NNP Pierre) (NNP Vinken))  incomplete:

using lex combiantor rule
resolved: (, ,)
 schema: {(, 105)}  cur: {(, (, ,))}  incomplete:

using lex combiantor rule
resolved: (Nslash (CD 61))
 schema: (Nslash 106)  cur: (Nslash (CD 61))  incomplete:
(Nnum {0} {1}) POS:CD,RB

using lex combiantor rule
resolved: (N (NNS years))
 schema: (N 107)  cur: (N (NNS years))  incomplete:

using fa.f combiantor rule
(Nslash (CD 61))
 schema: (Nslash 106)  cur: (Nslash (CD 61))  incomplete:
(Nnum {0} {1}) POS:CD,RB
(N (NNS years))
 schema: (N 107)  cur: (N (NNS years))  incomplete:
resolved: (Nnum (CD 61) (NNS years))
 schema: (Nnum {108} {109})  cur: (Nnum (CD 61) (NNS years))  incomplete:

using unary combiantor rule
(Nnum (CD 61) (NNS years))
 schema: (Nnum {108} {109})  cur: (Nnum (CD 61) (NNS years))  incomplete:
Unary schema:
 schema: (NP {110})  cur: (NP {110})  incomplete: ({110}, self)
resolved: (NP (CD 61) (NNS years))
 schema: (NP {110})  cur: (NP (CD 61) (NNS years))  incomplete:

using lex combiantor rule
resolved: (ADJP (JJ old))
 schema: (ADJP 111 112)  cur: (ADJP 111 (JJ old))  incomplete: (111, self)
(S 1 0)

using fa.b combiantor rule
(NP (CD 61) (NNS years))
 schema: (NP {110})  cur: (NP (CD 61) (NNS years))  incomplete:
(ADJP (JJ old))
 schema: (ADJP 111 112)  cur: (ADJP 111 (JJ old))  incomplete: (111, self)
(S 1 0)
resolved: (ADJP (NP (CD 61) (NNS years)) (JJ old))
 schema: (ADJP 111 112)  cur: (ADJP obj (JJ old))  incomplete:
(S 1 0)

using unary combiantor rule
(ADJP (NP (CD 61) (NNS years)) (JJ old))
 schema: (ADJP 111 112)  cur: (ADJP obj (JJ old))  incomplete:
(S 1 0)
Unary schema:
 schema: (ADJP 113)  cur: (ADJP 113)  incomplete: (113, self)
(NP {1} 0) arg:(NP PP ...):
(NP 1 0) arg:default:
resolved: (ADJP (ADJP (NP (CD 61) (NNS years)) (JJ old)))
 schema: (ADJP 113)  cur: (ADJP obj)  incomplete:
(NP {1} 0) arg:(NP PP ...):
(NP 1 0) arg:default:

using misc combiantor rule
(, ,)
 schema: {(, 105)}  cur: {(, (, ,))}  incomplete:
(ADJP (ADJP (NP (CD 61) (NNS years)) (JJ old)))
 schema: (ADJP 113)  cur: (ADJP obj)  incomplete:
(NP {1} 0) arg:(NP PP ...):
(NP 1 0) arg:default:
, old
resolved: (ADJP (, ,) (ADJP (NP (CD 61) (NNS years)) (JJ old)))
 schema: (ADJP 113)  cur: (ADJP (, ,) obj)  incomplete:
(NP {1} 0) arg:(NP PP ...):
(NP 1 0) arg:default:

using fa.b combiantor rule
(NP (NNP Pierre) (NNP Vinken))
 schema: (NP {104})  cur: (NP (NNP Pierre) (NNP Vinken))  incomplete:
(ADJP (, ,) (ADJP (NP (CD 61) (NNS years)) (JJ old)))
 schema: (ADJP 113)  cur: (ADJP (, ,) obj)  incomplete:
(NP {1} 0) arg:(NP PP ...):
(NP 1 0) arg:default:
resolved: (NP (NP (NNP Pierre) (NNP Vinken)) (ADJP (, ,) (ADJP (NP (CD 61) (NNS years)) (JJ old))))
 schema: (NP 114 115)  cur: (NP obj obj)  incomplete:

using lex combiantor rule
resolved: (, ,)
 schema: {(, 116)}  cur: {(, (, ,))}  incomplete:

using lex combiantor rule
resolved: (MD will)
 schema: {(TEMP 117)}  cur: {(TEMP (MD will))}  incomplete:
(VP 0 2) POS:default
(S 1 {0})

using lex combiantor rule
resolved: (VP (VB join))
 schema: (VP 118 119)  cur: (VP (VB join) 119)  incomplete: (119, self)
(S 1 0)

using lex combiantor rule
resolved: (NP (DT the))
 schema: (NP 120 {121})  cur: (NP (DT the) {121})  incomplete: ({121}, self)

using lex combiantor rule
resolved: (N (NN board))
 schema: (N 122)  cur: (N (NN board))  incomplete:

using fa.f combiantor rule
(NP (DT the))
 schema: (NP 120 {121})  cur: (NP (DT the) {121})  incomplete: ({121}, self)
(N (NN board))
 schema: (N 122)  cur: (N (NN board))  incomplete:
resolved: (NP (DT the) (NN board))
 schema: (NP 120 {121})  cur: (NP (DT the) (NN board))  incomplete:

using fa.f combiantor rule
(VP (VB join))
 schema: (VP 118 119)  cur: (VP (VB join) 119)  incomplete: (119, self)
(S 1 0)
(NP (DT the) (NN board))
 schema: (NP 120 {121})  cur: (NP (DT the) (NN board))  incomplete:
resolved: (VP (VB join) (NP (DT the) (NN board)))
 schema: (VP 118 119)  cur: (VP (VB join) obj)  incomplete:
(S 1 0)

using lex combiantor rule
resolved: (PP (IN as))
 schema: (PP 123 124)  cur: (PP (IN as) 124)  incomplete: (124, self)
(VP {1} 0)
(S 1 0)

using lex combiantor rule
resolved: (NP (DT a))
 schema: (NP 125 {126})  cur: (NP (DT a) {126})  incomplete: ({126}, self)

using lex combiantor rule
resolved: (Nslash (JJ nonexecutive))
 schema: (Nslash 127)  cur: (Nslash (JJ nonexecutive))  incomplete:
(N {0} {1}) POS:default

using lex combiantor rule
resolved: (N (NN director))
 schema: (N 128)  cur: (N (NN director))  incomplete:

using fa.f combiantor rule
(Nslash (JJ nonexecutive))
 schema: (Nslash 127)  cur: (Nslash (JJ nonexecutive))  incomplete:
(N {0} {1}) POS:default
(N (NN director))
 schema: (N 128)  cur: (N (NN director))  incomplete:
resolved: (N (JJ nonexecutive) (NN director))
 schema: (N {129} {130})  cur: (N (JJ nonexecutive) (NN director))  incomplete:

using fa.f combiantor rule
(NP (DT a))
 schema: (NP 125 {126})  cur: (NP (DT a) {126})  incomplete: ({126}, self)
(N (JJ nonexecutive) (NN director))
 schema: (N {129} {130})  cur: (N (JJ nonexecutive) (NN director))  incomplete:
resolved: (NP (DT a) (JJ nonexecutive) (NN director))
 schema: (NP 125 {126})  cur: (NP (DT a) (JJ nonexecutive) (NN director))  incomplete:

using fa.f combiantor rule
(PP (IN as))
 schema: (PP 123 124)  cur: (PP (IN as) 124)  incomplete: (124, self)
(VP {1} 0)
(S 1 0)
(NP (DT a) (JJ nonexecutive) (NN director))
 schema: (NP 125 {126})  cur: (NP (DT a) (JJ nonexecutive) (NN director))  incomplete:
resolved: (PP (IN as) (NP (DT a) (JJ nonexecutive) (NN director)))
 schema: (PP 123 124)  cur: (PP (IN as) obj)  incomplete:
(VP {1} 0)
(S 1 0)

using fa.b combiantor rule
(VP (VB join) (NP (DT the) (NN board)))
 schema: (VP 118 119)  cur: (VP (VB join) obj)  incomplete:
(S 1 0)
(PP (IN as) (NP (DT a) (JJ nonexecutive) (NN director)))
 schema: (PP 123 124)  cur: (PP (IN as) obj)  incomplete:
(VP {1} 0)
(S 1 0)
resolved: (VP (VB join) (NP (DT the) (NN board)) (PP (IN as) (NP (DT a) (JJ nonexecutive) (NN director))))
 schema: (VP {131} 132)  cur: (VP (VB join) obj obj)  incomplete:
(S 1 0)

using lex combiantor rule
resolved: (NP (NNP Nov.))
 schema: (NP 133 {134})  cur: (NP (NNP Nov.) {134})  incomplete: ({134}, self)
(VP {1} 0)
(S 1 0)

using lex combiantor rule
resolved: (N (CD 29))
 schema: (N 135)  cur: (N (CD 29))  incomplete:

using lex combiantor rule
resolved: (. .)
 schema: {(. 136)}  cur: {(. (. .))}  incomplete:

using misc combiantor rule
(N (CD 29))
 schema: (N 135)  cur: (N (CD 29))  incomplete:
(. .)
 schema: {(. 136)}  cur: {(. (. .))}  incomplete:
29 .
resolved: (N (CD 29) (. .))
 schema: (N 135)  cur: (N (CD 29) (. .))  incomplete:

using fa.f combiantor rule
(NP (NNP Nov.))
 schema: (NP 133 {134})  cur: (NP (NNP Nov.) {134})  incomplete: ({134}, self)
(VP {1} 0)
(S 1 0)
(N (CD 29) (. .))
 schema: (N 135)  cur: (N (CD 29) (. .))  incomplete:
resolved: (NP (NNP Nov.) (CD 29) (. .))
 schema: (NP 133 {134})  cur: (NP (NNP Nov.) (CD 29) (. .))  incomplete:
(VP {1} 0)
(S 1 0)

using fa.b combiantor rule
(VP (VB join) (NP (DT the) (NN board)) (PP (IN as) (NP (DT a) (JJ nonexecutive) (NN director))))
 schema: (VP {131} 132)  cur: (VP (VB join) obj obj)  incomplete:
(S 1 0)
(NP (NNP Nov.) (CD 29) (. .))
 schema: (NP 133 {134})  cur: (NP (NNP Nov.) (CD 29) (. .))  incomplete:
(VP {1} 0)
(S 1 0)
resolved: (VP (VB join) (NP (DT the) (NN board)) (PP (IN as) (NP (DT a) (JJ nonexecutive) (NN director))) (NP (NNP Nov.) (CD 29) (. .)))
 schema: (VP {137} 138)  cur: (VP (VB join) obj obj obj)  incomplete:
(S 1 0)

using fa.f combiantor rule
(MD will)
 schema: {(TEMP 117)}  cur: {(TEMP (MD will))}  incomplete:
(VP 0 2) POS:default
(S 1 {0})
(VP (VB join) (NP (DT the) (NN board)) (PP (IN as) (NP (DT a) (JJ nonexecutive) (NN director))) (NP (NNP Nov.) (CD 29) (. .)))
 schema: (VP {137} 138)  cur: (VP (VB join) obj obj obj)  incomplete:
(S 1 0)
resolved: (VP (MD will) (VP (VB join) (NP (DT the) (NN board)) (PP (IN as) (NP (DT a) (JJ nonexecutive) (NN director))) (NP (NNP Nov.) (CD 29) (. .))))
 schema: (VP 139 140)  cur: (VP (MD will) obj)  incomplete:
(S 1 {0})

using misc combiantor rule
(, ,)
 schema: {(, 116)}  cur: {(, (, ,))}  incomplete:
(VP (MD will) (VP (VB join) (NP (DT the) (NN board)) (PP (IN as) (NP (DT a) (JJ nonexecutive) (NN director))) (NP (NNP Nov.) (CD 29) (. .))))
 schema: (VP 139 140)  cur: (VP (MD will) obj)  incomplete:
(S 1 {0})
, .
resolved: (VP (, ,) (MD will) (VP (VB join) (NP (DT the) (NN board)) (PP (IN as) (NP (DT a) (JJ nonexecutive) (NN director))) (NP (NNP Nov.) (CD 29) (. .))))
 schema: (VP 139 140)  cur: (VP (, ,) (MD will) obj)  incomplete:
(S 1 {0})

using fa.b combiantor rule
(NP (NP (NNP Pierre) (NNP Vinken)) (ADJP (, ,) (ADJP (NP (CD 61) (NNS years)) (JJ old))))
 schema: (NP 114 115)  cur: (NP obj obj)  incomplete:
(VP (, ,) (MD will) (VP (VB join) (NP (DT the) (NN board)) (PP (IN as) (NP (DT a) (JJ nonexecutive) (NN director))) (NP (NNP Nov.) (CD 29) (. .))))
 schema: (VP 139 140)  cur: (VP (, ,) (MD will) obj)  incomplete:
(S 1 {0})
resolved: (S (NP (NP (NNP Pierre) (NNP Vinken)) (ADJP (, ,) (ADJP (NP (CD 61) (NNS years)) (JJ old)))) (, ,) (MD will) (VP (VB join) (NP (DT the) (NN board)) (PP (IN as) (NP (DT a) (JJ nonexecutive) (NN director))) (NP (NNP Nov.) (CD 29) (. .))))
 schema: (S 141 {142})  cur: (S obj (, ,) (MD will) obj)  incomplete:

before cleaning: (ROOT
	(S
		(NP
			(NP
				(NNP Pierre)
				(NNP Vinken))
			(ADJP
				(, ,)
				(ADJP
					(NP
						(CD 61)
						(NNS years))
					(JJ old))))
		(, ,)
		(MD will)
		(VP
			(VB join)
			(NP
				(DT the)
				(NN board))
			(PP
				(IN as)
				(NP
					(DT a)
					(JJ nonexecutive)
					(NN director)))
			(NP
				(NNP Nov.)
				(CD 29)
				(. .)))))
cleaned: (ROOT
	(S
		(NP
			(NP
				(NNP Pierre)
				(NNP Vinken))
			(ADJP
				(, ,)
				(ADJP
					(NP
						(CD 61)
						(NNS years))
					(JJ old))))
		(, ,)
		(MD will)
		(VP
			(VB join)
			(NP
				(DT the)
				(NN board))
			(PP
				(IN as)
				(NP
					(DT a)
					(JJ nonexecutive)
					(NN director)))
			(NP
				(NNP Nov.)
				(CD 29)
				(. .)))))

